{
  "RSpec": {
    "coverage": {
      "/municipality_registration/app/helpers/application_helper.rb": {
        "lines": [
          null,
          null,
          1,
          null
        ]
      },
      "/municipality_registration/app/helpers/municipality_residents_helper.rb": {
        "lines": [
          null,
          null,
          1,
          null
        ]
      },
      "/municipality_registration/app/controllers/municipality_residents_controller.rb": {
        "lines": [
          null,
          null,
          1,
          1,
          null,
          1,
          8,
          5,
          null,
          3,
          null,
          null,
          null,
          1,
          null,
          1,
          1,
          1,
          null,
          null,
          1,
          null,
          1,
          4,
          null,
          4,
          4,
          4,
          null,
          4,
          null,
          null,
          null,
          null,
          1,
          2,
          2,
          2,
          null,
          2,
          null,
          null,
          null,
          null,
          1,
          2,
          2,
          null,
          null,
          1,
          null,
          1,
          4,
          null,
          null,
          1,
          6,
          null,
          null,
          null,
          null,
          null
        ]
      },
      "/municipality_registration/app/controllers/application_controller.rb": {
        "lines": [
          null,
          null,
          1,
          null
        ]
      },
      "/municipality_registration/app/models/address.rb": {
        "lines": [
          null,
          null,
          1,
          1,
          null,
          1,
          null,
          1,
          null,
          null,
          null,
          null,
          null,
          null,
          null,
          null,
          null,
          null,
          null,
          null,
          null,
          null,
          null,
          null,
          null,
          null,
          null,
          null,
          null,
          null,
          null,
          null,
          null,
          null,
          null,
          null,
          null,
          1,
          null,
          null,
          null,
          null,
          null,
          null,
          null,
          null,
          null,
          null,
          null,
          null,
          null,
          null,
          null,
          null,
          null,
          null,
          null,
          null,
          null,
          null,
          null,
          null,
          null,
          null,
          null,
          null,
          null,
          null
        ]
      },
      "/municipality_registration/app/models/application_record.rb": {
        "lines": [
          null,
          null,
          1,
          1,
          null
        ]
      },
      "/municipality_registration/app/models/municipality_resident.rb": {
        "lines": [
          null,
          null,
          1,
          1,
          null,
          1,
          1,
          1,
          1,
          1,
          null,
          1,
          1,
          null,
          1,
          1,
          1,
          1,
          null,
          1,
          1,
          null,
          1,
          null,
          1,
          52,
          null,
          null,
          1,
          52,
          null,
          null,
          1,
          52,
          null,
          null,
          1,
          52,
          null,
          null,
          1,
          26,
          null,
          null,
          1,
          4,
          null,
          4,
          null,
          null,
          1,
          30,
          null,
          30,
          null,
          null
        ]
      },
      "/municipality_registration/lib/services/cns.rb": {
        "lines": [
          null,
          null,
          1,
          1,
          1,
          30,
          30,
          30,
          330,
          330,
          null,
          null,
          30,
          30,
          30,
          30,
          null,
          30,
          null,
          null,
          1,
          18,
          18,
          270,
          270,
          null,
          null,
          18,
          18,
          null,
          18,
          null,
          null,
          1,
          52,
          null,
          48,
          null,
          48,
          30,
          18,
          18,
          null,
          null,
          null,
          null
        ]
      },
      "/municipality_registration/app/shareds/base_errors.rb": {
        "lines": [
          null,
          null,
          1,
          1,
          18,
          null,
          null,
          1,
          18,
          null,
          null
        ]
      },
      "/municipality_registration/app/clients/twilio_client.rb": {
        "lines": [
          null,
          null,
          1,
          1,
          30,
          null,
          null,
          1,
          null,
          1,
          30,
          null,
          null
        ]
      },
      "/municipality_registration/lib/conectors/twilio_conector.rb": {
        "lines": [
          null,
          null,
          1,
          null,
          1,
          1,
          1,
          null,
          1,
          1,
          null,
          1,
          30,
          null,
          null,
          null
        ]
      },
      "/municipality_registration/app/mailers/application_mailer.rb": {
        "lines": [
          null,
          null,
          1,
          1,
          1,
          null,
          1,
          30,
          30,
          null,
          null
        ]
      }
    },
    "timestamp": 1702800526
  }
}
